Mar 27, 2016 12:23:42 PM org.apache.catalina.core.ApplicationContext log
INFO: ContextListener: contextInitialized()
Mar 27, 2016 12:23:42 PM org.apache.catalina.core.ApplicationContext log
INFO: SessionListener: contextInitialized()
Mar 27, 2016 12:23:42 PM org.apache.catalina.core.ApplicationContext log
INFO: ContextListener: attributeAdded('org.apache.catalina.Registry', 'org.apache.tomcat.util.modeler.Registry@4883b407')
Mar 27, 2016 12:23:42 PM org.apache.catalina.core.ApplicationContext log
INFO: ContextListener: attributeAdded('org.apache.catalina.MBeanServer', 'com.sun.jmx.mbeanserver.JmxMBeanServer@7d9d1a19')
Mar 27, 2016 12:26:01 PM org.apache.catalina.core.ApplicationContext log
INFO: ContextListener: contextInitialized()
Mar 27, 2016 12:26:01 PM org.apache.catalina.core.ApplicationContext log
INFO: SessionListener: contextInitialized()
Mar 27, 2016 12:26:01 PM org.apache.catalina.core.ApplicationContext log
INFO: ContextListener: attributeAdded('org.apache.catalina.Registry', 'org.apache.tomcat.util.modeler.Registry@6093dd95')
Mar 27, 2016 12:26:01 PM org.apache.catalina.core.ApplicationContext log
INFO: ContextListener: attributeAdded('org.apache.catalina.MBeanServer', 'com.sun.jmx.mbeanserver.JmxMBeanServer@5622fdf')
Mar 27, 2016 12:26:03 PM org.apache.catalina.core.ApplicationContext log
INFO: SessionListener: contextDestroyed()
Mar 27, 2016 12:26:03 PM org.apache.catalina.core.ApplicationContext log
INFO: ContextListener: contextDestroyed()
Mar 27, 2016 12:26:03 PM org.apache.catalina.core.ApplicationContext log
INFO: ContextListener: contextInitialized()
Mar 27, 2016 12:26:03 PM org.apache.catalina.core.ApplicationContext log
INFO: SessionListener: contextInitialized()
Mar 27, 2016 12:26:03 PM org.apache.catalina.core.ApplicationContext log
INFO: ContextListener: attributeAdded('org.apache.catalina.Registry', 'org.apache.tomcat.util.modeler.Registry@39c0f4a')
Mar 27, 2016 12:26:03 PM org.apache.catalina.core.ApplicationContext log
INFO: ContextListener: attributeAdded('org.apache.catalina.MBeanServer', 'com.sun.jmx.mbeanserver.JmxMBeanServer@1794d431')
Mar 27, 2016 12:26:05 PM org.apache.catalina.core.ApplicationContext log
INFO: SessionListener: contextDestroyed()
Mar 27, 2016 12:26:05 PM org.apache.catalina.core.ApplicationContext log
INFO: ContextListener: contextDestroyed()
Mar 27, 2016 12:26:31 PM org.apache.catalina.core.ApplicationContext log
INFO: ContextListener: contextInitialized()
Mar 27, 2016 12:26:31 PM org.apache.catalina.core.ApplicationContext log
INFO: SessionListener: contextInitialized()
Mar 27, 2016 12:26:31 PM org.apache.catalina.core.ApplicationContext log
INFO: ContextListener: attributeAdded('org.apache.catalina.Registry', 'org.apache.tomcat.util.modeler.Registry@39c0f4a')
Mar 27, 2016 12:26:31 PM org.apache.catalina.core.ApplicationContext log
INFO: ContextListener: attributeAdded('org.apache.catalina.MBeanServer', 'com.sun.jmx.mbeanserver.JmxMBeanServer@1794d431')
Mar 27, 2016 12:26:32 PM org.apache.catalina.core.ApplicationContext log
INFO: SessionListener: contextDestroyed()
Mar 27, 2016 12:26:32 PM org.apache.catalina.core.ApplicationContext log
INFO: ContextListener: contextDestroyed()
Mar 27, 2016 12:26:55 PM org.apache.catalina.core.ApplicationContext log
INFO: ContextListener: contextInitialized()
Mar 27, 2016 12:26:55 PM org.apache.catalina.core.ApplicationContext log
INFO: SessionListener: contextInitialized()
Mar 27, 2016 12:26:55 PM org.apache.catalina.core.ApplicationContext log
INFO: ContextListener: attributeAdded('org.apache.catalina.Registry', 'org.apache.tomcat.util.modeler.Registry@39c0f4a')
Mar 27, 2016 12:26:55 PM org.apache.catalina.core.ApplicationContext log
INFO: ContextListener: attributeAdded('org.apache.catalina.MBeanServer', 'com.sun.jmx.mbeanserver.JmxMBeanServer@1794d431')
Mar 27, 2016 12:26:56 PM org.apache.catalina.core.ApplicationContext log
INFO: SessionListener: contextDestroyed()
Mar 27, 2016 12:26:56 PM org.apache.catalina.core.ApplicationContext log
INFO: ContextListener: contextDestroyed()
Mar 27, 2016 12:27:16 PM org.apache.catalina.core.ApplicationContext log
INFO: ContextListener: contextInitialized()
Mar 27, 2016 12:27:16 PM org.apache.catalina.core.ApplicationContext log
INFO: SessionListener: contextInitialized()
Mar 27, 2016 12:27:16 PM org.apache.catalina.core.ApplicationContext log
INFO: ContextListener: attributeAdded('org.apache.catalina.Registry', 'org.apache.tomcat.util.modeler.Registry@39c0f4a')
Mar 27, 2016 12:27:16 PM org.apache.catalina.core.ApplicationContext log
INFO: ContextListener: attributeAdded('org.apache.catalina.MBeanServer', 'com.sun.jmx.mbeanserver.JmxMBeanServer@1794d431')
Mar 27, 2016 12:27:17 PM org.apache.catalina.core.ApplicationContext log
INFO: SessionListener: contextDestroyed()
Mar 27, 2016 12:27:17 PM org.apache.catalina.core.ApplicationContext log
INFO: ContextListener: contextDestroyed()
Mar 27, 2016 12:28:17 PM org.apache.catalina.core.ApplicationContext log
INFO: ContextListener: contextInitialized()
Mar 27, 2016 12:28:17 PM org.apache.catalina.core.ApplicationContext log
INFO: SessionListener: contextInitialized()
Mar 27, 2016 12:28:17 PM org.apache.catalina.core.ApplicationContext log
INFO: ContextListener: attributeAdded('org.apache.catalina.Registry', 'org.apache.tomcat.util.modeler.Registry@39c0f4a')
Mar 27, 2016 12:28:17 PM org.apache.catalina.core.ApplicationContext log
INFO: ContextListener: attributeAdded('org.apache.catalina.MBeanServer', 'com.sun.jmx.mbeanserver.JmxMBeanServer@1794d431')
Mar 27, 2016 12:28:19 PM org.apache.catalina.core.ApplicationContext log
INFO: SessionListener: contextDestroyed()
Mar 27, 2016 12:28:19 PM org.apache.catalina.core.ApplicationContext log
INFO: ContextListener: contextDestroyed()
